Thu May 17 14:12:04 2012
Create Relation ADR_CONTROL
Create Relation ADR_INVALIDATION
Create Relation INC_METER_IMPT_DEF
Create Relation INC_METER_PK_IMPTS
Directory does not exist for read/write [/usr/lib/oracle/11.2/client64/log] []
Thu May 17 14:12:12 2012
Directory does not exist for read/write [/usr/lib/oracle/11.2/client64/log] []
Thu May 17 15:57:12 2012
Directory does not exist for read/write [/usr/lib/oracle/11.2/client64/log] []
Thu May 17 15:58:56 2012
Directory does not exist for read/write [/usr/lib/oracle/11.2/client64/log] []
Thu May 17 15:59:10 2012
Directory does not exist for read/write [/usr/lib/oracle/11.2/client64/log] []
Thu May 17 19:49:09 2012
Directory does not exist for read/write [/usr/lib/oracle/11.2/client64/log] []
Thu May 17 19:50:52 2012
Directory does not exist for read/write [/usr/lib/oracle/11.2/client64/log] []
Thu May 17 19:51:13 2012
Directory does not exist for read/write [/usr/lib/oracle/11.2/client64/log] []
Thu May 17 19:52:10 2012
Directory does not exist for read/write [/usr/lib/oracle/11.2/client64/log] []
Thu May 17 19:56:52 2012
Directory does not exist for read/write [/usr/lib/oracle/11.2/client64/log] []
Thu May 17 20:06:52 2012
Directory does not exist for read/write [/usr/lib/oracle/11.2/client64/log] []
Thu May 17 20:09:09 2012
Directory does not exist for read/write [/usr/lib/oracle/11.2/client64/log] []
Thu May 17 20:12:47 2012
Directory does not exist for read/write [/usr/lib/oracle/11.2/client64/log] []
Thu May 17 20:39:30 2012
Directory does not exist for read/write [/usr/lib/oracle/11.2/client64/log] []
Thu May 17 20:40:07 2012
Directory does not exist for read/write [/usr/lib/oracle/11.2/client64/log] []
Fri May 18 17:19:54 2012
Directory does not exist for read/write [/usr/lib/oracle/11.2/client64/log] []
Fri Aug 03 10:22:50 2012
Directory does not exist for read/write [/usr/lib/oracle/11.2/client64/log] []
Fri Aug 03 10:24:04 2012
Directory does not exist for read/write [/usr/lib/oracle/11.2/client64/log] []
